[MASTER] 17:28:17.929 [pool-2-thread-1] ERROR ClientNodeImpl - Error when generating tests for: org.apache.commons.cli.AlreadySelectedException with seed 1763159277592. Configuration id : default
java.lang.OutOfMemoryError: GC overhead limit exceeded
	at java.util.zip.ZipCoder.getBytes(ZipCoder.java:80) ~[na:1.8.0_462]
	at java.util.zip.ZipFile.getEntry(ZipFile.java:323) ~[na:1.8.0_462]
	at java.util.jar.JarFile.getEntry(JarFile.java:250) ~[na:1.8.0_462]
	at java.util.jar.JarFile.getJarEntry(JarFile.java:233) ~[na:1.8.0_462]
	at sun.misc.URLClassPath$JarLoader.getResource(URLClassPath.java:1068) ~[na:1.8.0_462]
	at sun.misc.URLClassPath.getResource(URLClassPath.java:250) ~[na:1.8.0_462]
	at java.net.URLClassLoader$1.run(URLClassLoader.java:366) ~[na:1.8.0_462]
	at java.net.URLClassLoader$1.run(URLClassLoader.java:363) ~[na:1.8.0_462]
	at java.security.AccessController.doPrivileged(Native Method) ~[na:1.8.0_462]
	at java.net.URLClassLoader.findClass(URLClassLoader.java:362) ~[na:1.8.0_462]
	at java.lang.ClassLoader.loadClass(ClassLoader.java:418) ~[na:1.8.0_462]
	at sun.misc.Launcher$AppClassLoader.loadClass(Launcher.java:352) ~[na:1.8.0_462]
	at java.lang.ClassLoader.loadClass(ClassLoader.java:351) ~[na:1.8.0_462]
	at org.evosuite.shaded.org.apache.commons.lang3.StringEscapeUtils.<clinit>(StringEscapeUtils.java:137) ~[evosuite-master-1.0.6.jar:1.0.6]
	at org.evosuite.utils.StringUtil.getEscapedString(StringUtil.java:27) ~[evosuite-master-1.0.6.jar:1.0.6]
	at org.evosuite.testcase.TestCodeVisitor.visitPrimitiveStatement(TestCodeVisitor.java:1019) ~[evosuite-master-1.0.6.jar:1.0.6]
	at org.evosuite.testcase.TestVisitor.visitStatement(TestVisitor.java:141) ~[evosuite-master-1.0.6.jar:1.0.6]
	at org.evosuite.testcase.TestCodeVisitor.visitStatement(TestCodeVisitor.java:1867) ~[evosuite-master-1.0.6.jar:1.0.6]
	at org.evosuite.testcase.statements.AbstractStatement.getCode(AbstractStatement.java:279) ~[evosuite-master-1.0.6.jar:1.0.6]
	at org.evosuite.testcase.statements.AbstractStatement.getCode(AbstractStatement.java:271) ~[evosuite-master-1.0.6.jar:1.0.6]
	at org.evosuite.testcase.DefaultTestCase.accept(DefaultTestCase.java:115) ~[evosuite-master-1.0.6.jar:1.0.6]
	at org.evosuite.testcase.DefaultTestCase.toCode(DefaultTestCase.java:1180) ~[evosuite-master-1.0.6.jar:1.0.6]
	at org.evosuite.testcase.execution.TestCaseExecutor.execute(TestCaseExecutor.java:416) ~[evosuite-master-1.0.6.jar:1.0.6]
	at org.evosuite.testcase.execution.TestCaseExecutor.execute(TestCaseExecutor.java:277) ~[evosuite-master-1.0.6.jar:1.0.6]
	at org.evosuite.testcase.execution.TestCaseExecutor.execute(TestCaseExecutor.java:264) ~[evosuite-master-1.0.6.jar:1.0.6]
	at org.evosuite.testsuite.TestSuiteFitnessFunction.runTest(TestSuiteFitnessFunction.java:63) ~[evosuite-master-1.0.6.jar:1.0.6]
	at org.evosuite.testcase.TestChromosome.executeForFitnessFunction(TestChromosome.java:692) ~[evosuite-master-1.0.6.jar:1.0.6]
	at org.evosuite.testsuite.TestSuiteFitnessFunction.runTestSuite(TestSuiteFitnessFunction.java:97) ~[evosuite-master-1.0.6.jar:1.0.6]
	at org.evosuite.coverage.line.LineCoverageSuiteFitness.getFitness(LineCoverageSuiteFitness.java:157) ~[evosuite-master-1.0.6.jar:1.0.6]
	at org.evosuite.coverage.line.LineCoverageSuiteFitness.getFitness(LineCoverageSuiteFitness.java:45) ~[evosuite-master-1.0.6.jar:1.0.6]
	at org.evosuite.ga.metaheuristics.GeneticAlgorithm.calculateFitnessAndSortPopulation(GeneticAlgorithm.java:579) ~[evosuite-master-1.0.6.jar:1.0.6]
	at org.evosuite.ga.metaheuristics.MonotonicGA.initializePopulation(MonotonicGA.java:206) ~[evosuite-master-1.0.6.jar:1.0.6]
