* Starting client
* Connecting to master process on port 8732
* Analyzing classpath: 
  - /home/dannym/projects/yorkstuff/java/eecs-4313-assignment-2-commons-cli/target/test-classes
  - /home/dannym/projects/yorkstuff/java/eecs-4313-assignment-2-commons-cli/target/classes
  - /home/dannym/.m2/repository/org/junit/jupiter/junit-jupiter-api/5.13.4/junit-jupiter-api-5.13.4.jar
  - /home/dannym/.m2/repository/org/opentest4j/opentest4j/1.3.0/opentest4j-1.3.0.jar
  - /home/dannym/.m2/repository/org/junit/platform/junit-platform-commons/1.13.4/junit-platform-commons-1.13.4.jar
  - /home/dannym/.m2/repository/org/apiguardian/apiguardian-api/1.1.2/apiguardian-api-1.1.2.jar
  - /home/dannym/.m2/repository/org/junit/jupiter/junit-jupiter-engine/5.13.4/junit-jupiter-engine-5.13.4.jar
  - /home/dannym/.m2/repository/org/junit/platform/junit-platform-engine/1.13.4/junit-platform-engine-1.13.4.jar
  - /home/dannym/.m2/repository/org/junit/jupiter/junit-jupiter-params/5.13.4/junit-jupiter-params-5.13.4.jar
  - /home/dannym/.m2/repository/org/junit-pioneer/junit-pioneer/1.9.1/junit-pioneer-1.9.1.jar
  - /home/dannym/.m2/repository/org/junit/platform/junit-platform-launcher/1.13.4/junit-platform-launcher-1.13.4.jar
  - /home/dannym/.m2/repository/commons-io/commons-io/2.21.0/commons-io-2.21.0.jar
  - /home/dannym/.m2/repository/org/apache/commons/commons-text/1.14.0/commons-text-1.14.0.jar
  - /home/dannym/.m2/repository/org/apache/commons/commons-lang3/3.18.0/commons-lang3-3.18.0.jar
  - /home/dannym/.m2/repository/org/mockito/mockito-core/4.11.0/mockito-core-4.11.0.jar
  - /home/dannym/.m2/repository/net/bytebuddy/byte-buddy/1.12.19/byte-buddy-1.12.19.jar
  - /home/dannym/.m2/repository/net/bytebuddy/byte-buddy-agent/1.12.19/byte-buddy-agent-1.12.19.jar
  - /home/dannym/.m2/repository/org/objenesis/objenesis/3.3/objenesis-3.3.jar
  - /home/dannym/.m2/repository/junit/junit/4.13.2/junit-4.13.2.jar
  - /home/dannym/.m2/repository/org/hamcrest/hamcrest-core/1.3/hamcrest-core-1.3.jar
* Finished analyzing classpath
* Generating tests for class org.apache.commons.cli.AlreadySelectedException
* Test criteria:
  - Line Coverage
  - Branch Coverage
  - Exception
  - Mutation testing (weak)
  - Method-Output Coverage
  - Top-Level Method Coverage
  - No-Exception Top-Level Method Coverage
  - Context Branch Coverage
* Setting up search algorithm for whole suite generation
[MASTER] 17:27:59.168 [pool-2-thread-1] WARN  TestSuiteSerialization - Cannot load tests because file does not exist: /home/dannym/projects/yorkstuff/java/eecs-4313-assignment-2-commons-cli/.evosuite/evosuite-seeds/org.apache.commons.cli.AlreadySelectedException.seed
* Loaded 0 tests from /home/dannym/projects/yorkstuff/java/eecs-4313-assignment-2-commons-cli/.evosuite/evosuite-seeds/org.apache.commons.cli.AlreadySelectedException.seed
* Total number of test goals: 
  - Line 11
  - Branch 4
  - Exception 0
  - MutationFactory 0
  - Output 28
  - Method 4
  - MethodNoException 4
  - CBranchFitnessFactory 4
* Using seed 1763159277592
* Starting evolution
