* Starting client
* Connecting to master process on port 18987
* Analyzing classpath: 
  - /home/dannym/projects/yorkstuff/java/eecs-4313-assignment-2-commons-cli/target/test-classes
  - /home/dannym/projects/yorkstuff/java/eecs-4313-assignment-2-commons-cli/target/classes
  - /home/dannym/.m2/repository/org/junit/jupiter/junit-jupiter-api/5.13.4/junit-jupiter-api-5.13.4.jar
  - /home/dannym/.m2/repository/org/opentest4j/opentest4j/1.3.0/opentest4j-1.3.0.jar
  - /home/dannym/.m2/repository/org/junit/platform/junit-platform-commons/1.13.4/junit-platform-commons-1.13.4.jar
  - /home/dannym/.m2/repository/org/apiguardian/apiguardian-api/1.1.2/apiguardian-api-1.1.2.jar
  - /home/dannym/.m2/repository/org/junit/jupiter/junit-jupiter-engine/5.13.4/junit-jupiter-engine-5.13.4.jar
  - /home/dannym/.m2/repository/org/junit/platform/junit-platform-engine/1.13.4/junit-platform-engine-1.13.4.jar
  - /home/dannym/.m2/repository/org/junit/jupiter/junit-jupiter-params/5.13.4/junit-jupiter-params-5.13.4.jar
  - /home/dannym/.m2/repository/org/junit-pioneer/junit-pioneer/1.9.1/junit-pioneer-1.9.1.jar
  - /home/dannym/.m2/repository/org/junit/platform/junit-platform-launcher/1.13.4/junit-platform-launcher-1.13.4.jar
  - /home/dannym/.m2/repository/commons-io/commons-io/2.21.0/commons-io-2.21.0.jar
  - /home/dannym/.m2/repository/org/apache/commons/commons-text/1.14.0/commons-text-1.14.0.jar
  - /home/dannym/.m2/repository/org/apache/commons/commons-lang3/3.18.0/commons-lang3-3.18.0.jar
  - /home/dannym/.m2/repository/org/mockito/mockito-core/4.11.0/mockito-core-4.11.0.jar
  - /home/dannym/.m2/repository/net/bytebuddy/byte-buddy/1.12.19/byte-buddy-1.12.19.jar
  - /home/dannym/.m2/repository/net/bytebuddy/byte-buddy-agent/1.12.19/byte-buddy-agent-1.12.19.jar
  - /home/dannym/.m2/repository/org/objenesis/objenesis/3.3/objenesis-3.3.jar
  - /home/dannym/.m2/repository/junit/junit/4.13.2/junit-4.13.2.jar
  - /home/dannym/.m2/repository/org/hamcrest/hamcrest-core/1.3/hamcrest-core-1.3.jar
* Finished analyzing classpath
* Generating tests for class org.apache.commons.cli.TypeHandler
* Test criteria:
  - Line Coverage
  - Branch Coverage
  - Exception
  - Mutation testing (weak)
  - Method-Output Coverage
  - Top-Level Method Coverage
  - No-Exception Top-Level Method Coverage
  - Context Branch Coverage
* Setting up search algorithm for whole suite generation
[MASTER] 17:26:46.895 [pool-2-thread-1] WARN  TestSuiteSerialization - Cannot load tests because file does not exist: /home/dannym/projects/yorkstuff/java/eecs-4313-assignment-2-commons-cli/.evosuite/evosuite-seeds/org.apache.commons.cli.TypeHandler.seed
* Loaded 0 tests from /home/dannym/projects/yorkstuff/java/eecs-4313-assignment-2-commons-cli/.evosuite/evosuite-seeds/org.apache.commons.cli.TypeHandler.seed
* Total number of test goals: 
  - Line 41
  - Branch 17
  - Exception 0
  - MutationFactory 1
  - Output 99
  - Method 15
  - MethodNoException 15
  - CBranchFitnessFactory 17
* Using seed 1763159205139
* Starting evolution
[MASTER] 17:26:50.650 [TEST_EXECUTION_THREAD_0] WARN  MSecurityManager - SUT asked for a runtime permission that EvoSuite does not recognize: net.bytebuddy.createJavaDispatcher
* Search finished after 31s and 1128 generations, 97922 statements, best individual has fitness: 48.07142857142857
* Writing sequences to pool
* Minimizing test suite
* Going to analyze the coverage criteria
* Coverage analysis for criterion LINE
* Coverage of criterion LINE: 100%
* Total number of goals: 41
* Number of covered goals: 41
* Coverage analysis for criterion BRANCH
* Coverage of criterion BRANCH: 100%
* Total number of goals: 17
* Number of covered goals: 17
* Coverage analysis for criterion EXCEPTION
* Coverage of criterion EXCEPTION: 92%
* Total number of goals: 13
* Number of covered goals: 12
* Coverage analysis for criterion WEAKMUTATION
* Coverage of criterion WEAKMUTATION: 100%
* Total number of goals: 1
* Number of covered goals: 1
* Coverage analysis for criterion OUTPUT
* Coverage of criterion OUTPUT: 55%
* Total number of goals: 99
* Number of covered goals: 54
* Coverage analysis for criterion METHOD
* Coverage of criterion METHOD: 100%
* Total number of goals: 15
* Number of covered goals: 15
* Coverage analysis for criterion METHODNOEXCEPTION
* Coverage of criterion METHODNOEXCEPTION: 80%
* Total number of goals: 15
* Number of covered goals: 12
* Coverage analysis for criterion CBRANCH
* Coverage of criterion CBRANCH: 100%
* Total number of goals: 17
* Number of covered goals: 17
* Generated 28 tests with total length 36
* Resulting test suite's coverage: 92% (average coverage for all fitness functions)
* Generating assertions
* Resulting test suite's mutation score: 0%
* Compiling and checking tests
[MASTER] 17:27:20.256 [pool-2-thread-1] WARN  MSecurityManager - SUT asked for a runtime permission that EvoSuite does not recognize: net.bytebuddy.createJavaDispatcher
[MASTER] 17:27:20.692 [pool-2-thread-1] WARN  MSecurityManager - SUT asked for a runtime permission that EvoSuite does not recognize: net.bytebuddy.createJavaDispatcher
* Permissions denied during test execution: 
  - java.io.FilePermission: 
         write org.apahe.cmmons.cli.TypeHandler: 1
         write org.apache.commons.io.file.CountingPathVisitor$Builder: 1
         write Xn+: 1
         and other 1072 cases of action/name for this exception class
  - java.lang.RuntimePermission: 
         net.bytebuddy.createJavaDispatcher: 5
* Writing JUnit test case 'TypeHandler_ESTest' to /home/dannym/projects/yorkstuff/java/eecs-4313-assignment-2-commons-cli/.evosuite/tmp_2025_11_14_16_52_38/tests
* Done!

