* Starting client
* Connecting to master process on port 17635
* Analyzing classpath: 
  - /home/dannym/projects/yorkstuff/java/eecs-4313-assignment-2-commons-cli/target/test-classes
  - /home/dannym/projects/yorkstuff/java/eecs-4313-assignment-2-commons-cli/target/classes
  - /home/dannym/.m2/repository/org/junit/jupiter/junit-jupiter-api/5.13.4/junit-jupiter-api-5.13.4.jar
  - /home/dannym/.m2/repository/org/opentest4j/opentest4j/1.3.0/opentest4j-1.3.0.jar
  - /home/dannym/.m2/repository/org/junit/platform/junit-platform-commons/1.13.4/junit-platform-commons-1.13.4.jar
  - /home/dannym/.m2/repository/org/apiguardian/apiguardian-api/1.1.2/apiguardian-api-1.1.2.jar
  - /home/dannym/.m2/repository/org/junit/jupiter/junit-jupiter-engine/5.13.4/junit-jupiter-engine-5.13.4.jar
  - /home/dannym/.m2/repository/org/junit/platform/junit-platform-engine/1.13.4/junit-platform-engine-1.13.4.jar
  - /home/dannym/.m2/repository/org/junit/jupiter/junit-jupiter-params/5.13.4/junit-jupiter-params-5.13.4.jar
  - /home/dannym/.m2/repository/org/junit-pioneer/junit-pioneer/1.9.1/junit-pioneer-1.9.1.jar
  - /home/dannym/.m2/repository/org/junit/platform/junit-platform-launcher/1.13.4/junit-platform-launcher-1.13.4.jar
  - /home/dannym/.m2/repository/commons-io/commons-io/2.21.0/commons-io-2.21.0.jar
  - /home/dannym/.m2/repository/org/apache/commons/commons-text/1.14.0/commons-text-1.14.0.jar
  - /home/dannym/.m2/repository/org/apache/commons/commons-lang3/3.18.0/commons-lang3-3.18.0.jar
  - /home/dannym/.m2/repository/org/mockito/mockito-core/4.11.0/mockito-core-4.11.0.jar
  - /home/dannym/.m2/repository/net/bytebuddy/byte-buddy/1.12.19/byte-buddy-1.12.19.jar
  - /home/dannym/.m2/repository/net/bytebuddy/byte-buddy-agent/1.12.19/byte-buddy-agent-1.12.19.jar
  - /home/dannym/.m2/repository/org/objenesis/objenesis/3.3/objenesis-3.3.jar
  - /home/dannym/.m2/repository/junit/junit/4.13.2/junit-4.13.2.jar
  - /home/dannym/.m2/repository/org/hamcrest/hamcrest-core/1.3/hamcrest-core-1.3.jar
* Finished analyzing classpath
* Generating tests for class org.apache.commons.cli.help.TextHelpAppendable
* Test criteria:
  - Line Coverage
  - Branch Coverage
  - Exception
  - Mutation testing (weak)
  - Method-Output Coverage
  - Top-Level Method Coverage
  - No-Exception Top-Level Method Coverage
  - Context Branch Coverage
* Setting up search algorithm for whole suite generation
[MASTER] 17:03:04.612 [pool-2-thread-1] WARN  TestSuiteSerialization - Cannot load tests because file does not exist: /home/dannym/projects/yorkstuff/java/eecs-4313-assignment-2-commons-cli/.evosuite/evosuite-seeds/org.apache.commons.cli.help.TextHelpAppendable.seed
* Loaded 0 tests from /home/dannym/projects/yorkstuff/java/eecs-4313-assignment-2-commons-cli/.evosuite/evosuite-seeds/org.apache.commons.cli.help.TextHelpAppendable.seed
* Total number of test goals: 
  - Line 156
  - Branch 96
  - Exception 0
  - MutationFactory 724
  - Output 62
  - Method 22
  - MethodNoException 22
  - CBranchFitnessFactory 96
* Using seed 1763157782690
* Starting evolution
* Search finished after 109s and 171 generations, 122721 statements, best individual has fitness: 34.61355311355311
* Writing sequences to pool
* Minimizing test suite
[MASTER] 17:05:12.530 [pool-2-thread-1] WARN  TestSuiteMinimizer - Minimization timeout. Roll back to original test suite
* Going to analyze the coverage criteria
* Coverage analysis for criterion LINE
* Coverage of criterion LINE: 99%
* Total number of goals: 156
* Number of covered goals: 155
* Coverage analysis for criterion BRANCH
* Coverage of criterion BRANCH: 97%
* Total number of goals: 96
* Number of covered goals: 93
* Coverage analysis for criterion EXCEPTION
* Coverage of criterion EXCEPTION: 100%
* Total number of goals: 41
* Number of covered goals: 41
* Coverage analysis for criterion WEAKMUTATION
* Coverage of criterion WEAKMUTATION: 98%
* Total number of goals: 724
* Number of covered goals: 709
* Coverage analysis for criterion OUTPUT
* Coverage of criterion OUTPUT: 73%
* Total number of goals: 62
* Number of covered goals: 45
* Coverage analysis for criterion METHOD
* Coverage of criterion METHOD: 100%
* Total number of goals: 22
* Number of covered goals: 22
* Coverage analysis for criterion METHODNOEXCEPTION
* Coverage of criterion METHODNOEXCEPTION: 100%
* Total number of goals: 22
* Number of covered goals: 22
* Coverage analysis for criterion CBRANCH
* Coverage of criterion CBRANCH: 93%
* Total number of goals: 96
* Number of covered goals: 89
* Generated 96 tests with total length 1742
* Resulting test suite's coverage: 95% (average coverage for all fitness functions)
* Generating assertions
[MASTER] 17:05:25.976 [pool-2-thread-1] WARN  SimpleMutationAssertionGenerator - Assertion minimization is taking too long (0.7860588235294118% of time used, but only 4/96 tests minimized), falling back to using all assertions
* Resulting test suite's mutation score: 15%
* Compiling and checking tests
[MASTER] 17:05:38.421 [pool-2-thread-1] WARN  JUnitAnalyzer - Found unstable test named test0 -> class java.lang.OutOfMemoryError: Java heap space
[MASTER] 17:05:38.427 [pool-2-thread-1] WARN  JUnitAnalyzer - Failing test:
 TextHelpAppendable textHelpAppendable0 = TextHelpAppendable.systemOut();
assertEquals(3, TextHelpAppendable.DEFAULT_INDENT);
assertEquals(1, TextHelpAppendable.DEFAULT_LEFT_PAD);
assertEquals(7, TextHelpAppendable.DEFAULT_LIST_INDENT);
assertEquals(74, TextHelpAppendable.DEFAULT_WIDTH);
assertNotNull(textHelpAppendable0);
assertEquals(3, textHelpAppendable0.getIndent());
assertEquals(74, textHelpAppendable0.getMaxWidth());
assertEquals(1, textHelpAppendable0.getLeftPad());

textHelpAppendable0.setIndent(351608024);
assertEquals(3, TextHelpAppendable.DEFAULT_INDENT);
assertEquals(1, TextHelpAppendable.DEFAULT_LEFT_PAD);
assertEquals(7, TextHelpAppendable.DEFAULT_LIST_INDENT);
assertEquals(74, TextHelpAppendable.DEFAULT_WIDTH);
assertEquals(74, textHelpAppendable0.getMaxWidth());
assertEquals(1, textHelpAppendable0.getLeftPad());
assertEquals(351608024, textHelpAppendable0.getIndent());

TextStyle textStyle0 = TextStyle.DEFAULT;
assertEquals(Integer.MAX_VALUE, TextStyle.UNSET_MAX_WIDTH);
assertNotNull(textStyle0);
assertEquals(0, textStyle0.getIndent());
assertEquals(0, textStyle0.getLeftPad());
assertEquals(0, textStyle0.getMinWidth());
assertEquals(Integer.MAX_VALUE, textStyle0.getMaxWidth());
assertTrue(textStyle0.isScalable());
assertEquals(TextStyle.Alignment.LEFT, textStyle0.getAlignment());

CharSequence charSequence0 = textStyle0.pad(false, "");
assertEquals(Integer.MAX_VALUE, TextStyle.UNSET_MAX_WIDTH);
assertNotNull(charSequence0);
assertEquals(0, textStyle0.getIndent());
assertEquals(0, textStyle0.getLeftPad());
assertEquals(0, textStyle0.getMinWidth());
assertEquals(Integer.MAX_VALUE, textStyle0.getMaxWidth());
assertTrue(textStyle0.isScalable());
assertEquals(TextStyle.Alignment.LEFT, textStyle0.getAlignment());
assertEquals("", charSequence0);

String string0 = textStyle0.toString();
assertEquals(Integer.MAX_VALUE, TextStyle.UNSET_MAX_WIDTH);
assertNotNull(string0);
assertEquals(0, textStyle0.getIndent());
assertEquals(0, textStyle0.getLeftPad());
assertEquals(0, textStyle0.getMinWidth());
assertEquals(Integer.MAX_VALUE, textStyle0.getMaxWidth());
assertTrue(textStyle0.isScalable());
assertEquals(TextStyle.Alignment.LEFT, textStyle0.getAlignment());
assertFalse(string0.equals((Object)charSequence0));
assertEquals("TextStyle{LEFT, l:0, i:0, true, min:0, max:unset}", string0);

textHelpAppendable0.printWrapped("", textStyle0);
assertEquals(3, TextHelpAppendable.DEFAULT_INDENT);
assertEquals(1, TextHelpAppendable.DEFAULT_LEFT_PAD);
assertEquals(7, TextHelpAppendable.DEFAULT_LIST_INDENT);
assertEquals(74, TextHelpAppendable.DEFAULT_WIDTH);
assertEquals(Integer.MAX_VALUE, TextStyle.UNSET_MAX_WIDTH);
assertEquals(74, textHelpAppendable0.getMaxWidth());
assertEquals(1, textHelpAppendable0.getLeftPad());
assertEquals(351608024, textHelpAppendable0.getIndent());
assertEquals(0, textStyle0.getIndent());
assertEquals(0, textStyle0.getLeftPad());
assertEquals(0, textStyle0.getMinWidth());
assertEquals(Integer.MAX_VALUE, textStyle0.getMaxWidth());
assertTrue(textStyle0.isScalable());
assertEquals(TextStyle.Alignment.LEFT, textStyle0.getAlignment());

TextStyle.Builder textStyle_Builder0 = textHelpAppendable0.getTextStyleBuilder();
assertEquals(3, TextHelpAppendable.DEFAULT_INDENT);
assertEquals(1, TextHelpAppendable.DEFAULT_LEFT_PAD);
assertEquals(7, TextHelpAppendable.DEFAULT_LIST_INDENT);
assertEquals(74, TextHelpAppendable.DEFAULT_WIDTH);
assertNotNull(textStyle_Builder0);
assertEquals(74, textHelpAppendable0.getMaxWidth());
assertEquals(1, textHelpAppendable0.getLeftPad());
assertEquals(351608024, textHelpAppendable0.getIndent());
assertEquals(0, textStyle_Builder0.getMinWidth());
assertEquals(1, textStyle_Builder0.getLeftPad());
assertEquals(74, textStyle_Builder0.getMaxWidth());
assertEquals(351608024, textStyle_Builder0.getIndent());
assertTrue(textStyle_Builder0.isScalable());

TextStyle.Builder textStyle_Builder1 = textStyle_Builder0.setMaxWidth(351608024);
assertEquals(3, TextHelpAppendable.DEFAULT_INDENT);
assertEquals(1, TextHelpAppendable.DEFAULT_LEFT_PAD);
assertEquals(7, TextHelpAppendable.DEFAULT_LIST_INDENT);
assertEquals(74, TextHelpAppendable.DEFAULT_WIDTH);
assertNotNull(textStyle_Builder1);
assertEquals(351608024, textHelpAppendable0.getMaxWidth());
assertEquals(1, textHelpAppendable0.getLeftPad());
assertEquals(351608024, textHelpAppendable0.getIndent());
assertEquals(351608024, textStyle_Builder0.getMaxWidth());
assertEquals(0, textStyle_Builder0.getMinWidth());
assertEquals(1, textStyle_Builder0.getLeftPad());
assertEquals(351608024, textStyle_Builder0.getIndent());
assertTrue(textStyle_Builder0.isScalable());
assertEquals(0, textStyle_Builder1.getMinWidth());
assertTrue(textStyle_Builder1.isScalable());
assertEquals(1, textStyle_Builder1.getLeftPad());
assertEquals(351608024, textStyle_Builder1.getMaxWidth());
assertEquals(351608024, textStyle_Builder1.getIndent());
assertSame(textStyle_Builder0, textStyle_Builder1);
assertSame(textStyle_Builder1, textStyle_Builder0);

TextStyle.Builder textStyle_Builder2 = textHelpAppendable0.resize(textStyle_Builder0, Integer.MAX_VALUE);
assertEquals(3, TextHelpAppendable.DEFAULT_INDENT);
assertEquals(1, TextHelpAppendable.DEFAULT_LEFT_PAD);
assertEquals(7, TextHelpAppendable.DEFAULT_LIST_INDENT);
assertEquals(74, TextHelpAppendable.DEFAULT_WIDTH);
assertNotNull(textStyle_Builder2);
assertEquals(Integer.MAX_VALUE, textHelpAppendable0.getMaxWidth());
assertEquals(1, textHelpAppendable0.getLeftPad());
assertEquals(351608024, textHelpAppendable0.getIndent());
assertEquals(0, textStyle_Builder0.getMinWidth());
assertEquals(1, textStyle_Builder0.getLeftPad());
assertEquals(Integer.MAX_VALUE, textStyle_Builder0.getMaxWidth());
assertEquals(351608024, textStyle_Builder0.getIndent());
assertTrue(textStyle_Builder0.isScalable());
assertEquals(0, textStyle_Builder2.getMinWidth());
assertTrue(textStyle_Builder2.isScalable());
assertEquals(Integer.MAX_VALUE, textStyle_Builder2.getMaxWidth());
assertEquals(1, textStyle_Builder2.getLeftPad());
assertEquals(351608024, textStyle_Builder2.getIndent());
assertSame(textStyle_Builder0, textStyle_Builder2);
assertSame(textStyle_Builder0, textStyle_Builder1);
assertSame(textStyle_Builder2, textStyle_Builder1);
assertSame(textStyle_Builder2, textStyle_Builder0);

TextStyle textStyle1 = textStyle_Builder2.get();
assertEquals(3, TextHelpAppendable.DEFAULT_INDENT);
assertEquals(1, TextHelpAppendable.DEFAULT_LEFT_PAD);
assertEquals(7, TextHelpAppendable.DEFAULT_LIST_INDENT);
assertEquals(74, TextHelpAppendable.DEFAULT_WIDTH);
assertEquals(Integer.MAX_VALUE, TextStyle.UNSET_MAX_WIDTH);
assertNotNull(textStyle1);
assertEquals(Integer.MAX_VALUE, textHelpAppendable0.getMaxWidth());
assertEquals(1, textHelpAppendable0.getLeftPad());
assertEquals(351608024, textHelpAppendable0.getIndent());
assertEquals(0, textStyle_Builder0.getMinWidth());
assertEquals(1, textStyle_Builder0.getLeftPad());
assertEquals(Integer.MAX_VALUE, textStyle_Builder0.getMaxWidth());
assertEquals(351608024, textStyle_Builder0.getIndent());
assertTrue(textStyle_Builder0.isScalable());
assertEquals(0, textStyle_Builder2.getMinWidth());
assertTrue(textStyle_Builder2.isScalable());
assertEquals(Integer.MAX_VALUE, textStyle_Builder2.getMaxWidth());
assertEquals(1, textStyle_Builder2.getLeftPad());
assertEquals(351608024, textStyle_Builder2.getIndent());
assertEquals(351608024, textStyle1.getIndent());
assertEquals(0, textStyle1.getMinWidth());
assertTrue(textStyle1.isScalable());
assertEquals(Integer.MAX_VALUE, textStyle1.getMaxWidth());
assertEquals(TextStyle.Alignment.LEFT, textStyle1.getAlignment());
assertEquals(1, textStyle1.getLeftPad());
assertFalse(textStyle1.equals((Object)textStyle0));
assertSame(textStyle_Builder0, textStyle_Builder2);
assertSame(textStyle_Builder0, textStyle_Builder1);
assertSame(textStyle_Builder2, textStyle_Builder1);
assertSame(textStyle_Builder2, textStyle_Builder0);
assertNotSame(textStyle1, textStyle0);

TextStyle.Builder textStyle_Builder3 = textStyle_Builder2.setMinWidth(3);
assertEquals(3, TextHelpAppendable.DEFAULT_INDENT);
assertEquals(1, TextHelpAppendable.DEFAULT_LEFT_PAD);
assertEquals(7, TextHelpAppendable.DEFAULT_LIST_INDENT);
assertEquals(74, TextHelpAppendable.DEFAULT_WIDTH);
assertNotNull(textStyle_Builder3);
assertEquals(Integer.MAX_VALUE, textHelpAppendable0.getMaxWidth());
assertEquals(1, textHelpAppendable0.getLeftPad());
assertEquals(351608024, textHelpAppendable0.getIndent());
assertEquals(1, textStyle_Builder0.getLeftPad());
assertEquals(3, textStyle_Builder0.getMinWidth());
assertEquals(Integer.MAX_VALUE, textStyle_Builder0.getMaxWidth());
assertEquals(351608024, textStyle_Builder0.getIndent());
assertTrue(textStyle_Builder0.isScalable());
assertEquals(3, textStyle_Builder2.getMinWidth());
assertTrue(textStyle_Builder2.isScalable());
assertEquals(Integer.MAX_VALUE, textStyle_Builder2.getMaxWidth());
assertEquals(1, textStyle_Builder2.getLeftPad());
assertEquals(351608024, textStyle_Builder2.getIndent());
assertEquals(Integer.MAX_VALUE, textStyle_Builder3.getMaxWidth());
assertEquals(1, textStyle_Builder3.getLeftPad());
assertEquals(351608024, textStyle_Builder3.getIndent());
assertEquals(3, textStyle_Builder3.getMinWidth());
assertTrue(textStyle_Builder3.isScalable());
assertSame(textStyle_Builder0, textStyle_Builder3);
assertSame(textStyle_Builder0, textStyle_Builder2);
assertSame(textStyle_Builder0, textStyle_Builder1);
assertSame(textStyle_Builder2, textStyle_Builder1);
assertSame(textStyle_Builder2, textStyle_Builder3);
assertSame(textStyle_Builder2, textStyle_Builder0);
assertSame(textStyle_Builder3, textStyle_Builder1);
assertSame(textStyle_Builder3, textStyle_Builder2);
assertSame(textStyle_Builder3, textStyle_Builder0);

TextStyle.Builder textStyle_Builder4 = textHelpAppendable0.resize(textStyle_Builder2, Integer.MAX_VALUE);
assertEquals(3, TextHelpAppendable.DEFAULT_INDENT);
assertEquals(1, TextHelpAppendable.DEFAULT_LEFT_PAD);
assertEquals(7, TextHelpAppendable.DEFAULT_LIST_INDENT);
assertEquals(74, TextHelpAppendable.DEFAULT_WIDTH);
assertNotNull(textStyle_Builder4);
assertEquals(Integer.MAX_VALUE, textHelpAppendable0.getMaxWidth());
assertEquals(1, textHelpAppendable0.getLeftPad());
assertEquals(351608024, textHelpAppendable0.getIndent());
assertEquals(1, textStyle_Builder0.getLeftPad());
assertEquals(3, textStyle_Builder0.getMinWidth());
assertEquals(Integer.MAX_VALUE, textStyle_Builder0.getMaxWidth());
assertEquals(351608024, textStyle_Builder0.getIndent());
assertTrue(textStyle_Builder0.isScalable());
assertEquals(3, textStyle_Builder2.getMinWidth());
assertTrue(textStyle_Builder2.isScalable());
assertEquals(Integer.MAX_VALUE, textStyle_Builder2.getMaxWidth());
assertEquals(1, textStyle_Builder2.getLeftPad());
assertEquals(351608024, textStyle_Builder2.getIndent());
assertEquals(3, textStyle_Builder4.getMinWidth());
assertTrue(textStyle_Builder4.isScalable());
assertEquals(Integer.MAX_VALUE, textStyle_Builder4.getMaxWidth());
assertEquals(351608024, textStyle_Builder4.getIndent());
assertEquals(1, textStyle_Builder4.getLeftPad());
assertSame(textStyle_Builder0, textStyle_Builder3);
assertSame(textStyle_Builder0, textStyle_Builder2);
assertSame(textStyle_Builder0, textStyle_Builder1);
assertSame(textStyle_Builder0, textStyle_Builder4);
assertSame(textStyle_Builder2, textStyle_Builder1);
assertSame(textStyle_Builder2, textStyle_Builder4);
assertSame(textStyle_Builder2, textStyle_Builder3);
assertSame(textStyle_Builder2, textStyle_Builder0);
assertSame(textStyle_Builder4, textStyle_Builder3);
assertSame(textStyle_Builder4, textStyle_Builder2);
assertSame(textStyle_Builder4, textStyle_Builder0);
assertSame(textStyle_Builder4, textStyle_Builder1);

TextHelpAppendable textHelpAppendable1 = TextHelpAppendable.systemOut();
assertEquals(74, TextHelpAppendable.DEFAULT_WIDTH);
assertEquals(3, TextHelpAppendable.DEFAULT_INDENT);
assertEquals(1, TextHelpAppendable.DEFAULT_LEFT_PAD);
assertEquals(7, TextHelpAppendable.DEFAULT_LIST_INDENT);
assertNotNull(textHelpAppendable1);
assertEquals(1, textHelpAppendable1.getLeftPad());
assertEquals(3, textHelpAppendable1.getIndent());
assertEquals(74, textHelpAppendable1.getMaxWidth());
assertFalse(textHelpAppendable1.equals((Object)textHelpAppendable0));
assertNotSame(textHelpAppendable1, textHelpAppendable0);

textHelpAppendable0.printWrapped("TextStyle{LEFT, l:0, i:0, true, min:0, max:unset}", textStyle0);
assertEquals(3, TextHelpAppendable.DEFAULT_INDENT);
assertEquals(1, TextHelpAppendable.DEFAULT_LEFT_PAD);
assertEquals(7, TextHelpAppendable.DEFAULT_LIST_INDENT);
assertEquals(74, TextHelpAppendable.DEFAULT_WIDTH);
assertEquals(Integer.MAX_VALUE, TextStyle.UNSET_MAX_WIDTH);
assertEquals(Integer.MAX_VALUE, textHelpAppendable0.getMaxWidth());
assertEquals(1, textHelpAppendable0.getLeftPad());
assertEquals(351608024, textHelpAppendable0.getIndent());
assertEquals(0, textStyle0.getIndent());
assertEquals(0, textStyle0.getLeftPad());
assertEquals(0, textStyle0.getMinWidth());
assertEquals(Integer.MAX_VALUE, textStyle0.getMaxWidth());
assertTrue(textStyle0.isScalable());
assertEquals(TextStyle.Alignment.LEFT, textStyle0.getAlignment());
assertFalse(textHelpAppendable0.equals((Object)textHelpAppendable1));
assertFalse(textStyle0.equals((Object)textStyle1));
assertNotSame(textHelpAppendable0, textHelpAppendable1);
assertNotSame(textStyle0, textStyle1);

TextStyle.Builder textStyle_Builder5 = textStyle_Builder0.setMinWidth(1);
assertEquals(3, TextHelpAppendable.DEFAULT_INDENT);
assertEquals(1, TextHelpAppendable.DEFAULT_LEFT_PAD);
assertEquals(7, TextHelpAppendable.DEFAULT_LIST_INDENT);
assertEquals(74, TextHelpAppendable.DEFAULT_WIDTH);
assertNotNull(textStyle_Builder5);
assertEquals(Integer.MAX_VALUE, textHelpAppendable0.getMaxWidth());
assertEquals(1, textHelpAppendable0.getLeftPad());
assertEquals(351608024, textHelpAppendable0.getIndent());
assertEquals(1, textStyle_Builder0.getLeftPad());
assertEquals(1, textStyle_Builder0.getMinWidth());
assertEquals(Integer.MAX_VALUE, textStyle_Builder0.getMaxWidth());
assertEquals(351608024, textStyle_Builder0.getIndent());
assertTrue(textStyle_Builder0.isScalable());
assertEquals(1, textStyle_Builder5.getLeftPad());
assertEquals(1, textStyle_Builder5.getMinWidth());
assertEquals(351608024, textStyle_Builder5.getIndent());
assertTrue(textStyle_Builder5.isScalable());
assertEquals(Integer.MAX_VALUE, textStyle_Builder5.getMaxWidth());
assertFalse(textHelpAppendable0.equals((Object)textHelpAppendable1));
assertNotSame(textHelpAppendable0, textHelpAppendable1);
assertSame(textStyle_Builder0, textStyle_Builder3);
assertSame(textStyle_Builder0, textStyle_Builder2);
assertSame(textStyle_Builder0, textStyle_Builder5);
assertSame(textStyle_Builder0, textStyle_Builder1);
assertSame(textStyle_Builder0, textStyle_Builder4);
assertSame(textStyle_Builder5, textStyle_Builder4);
assertSame(textStyle_Builder5, textStyle_Builder0);
assertSame(textStyle_Builder5, textStyle_Builder1);
assertSame(textStyle_Builder5, textStyle_Builder3);
assertSame(textStyle_Builder5, textStyle_Builder2);

WeirdOptionFormat weirdOptionFormat0 = new WeirdOptionFormat();
assertNotNull(weirdOptionFormat0);

ArrayDeque<Option> arrayDeque0 = new ArrayDeque<Option>();
assertNotNull(arrayDeque0);
assertTrue(arrayDeque0.isEmpty());
assertEquals(0, arrayDeque0.size());

LinkedList<Option> linkedList0 = new LinkedList<Option>(arrayDeque0);
assertNotNull(linkedList0);
assertTrue(arrayDeque0.isEmpty());
assertEquals(0, arrayDeque0.size());
assertEquals(0, linkedList0.size());

TableDefinition tableDefinition0 = weirdOptionFormat0.apply((Iterable<Option>) linkedList0);
assertNotNull(tableDefinition0);
assertTrue(arrayDeque0.isEmpty());
assertEquals(0, arrayDeque0.size());
assertEquals(0, linkedList0.size());

Function<Object, CharBuffer> function0 = (Function<Object, CharBuffer>) mock(Function.class, new ViolatedAssumptionAnswer());
Function<Iterable<Option>, CharBuffer> function1 = weirdOptionFormat0.andThen((Function<? super TableDefinition, ? extends CharBuffer>) function0);
assertNotNull(function1);

TableDefinition tableDefinition1 = textHelpAppendable0.adjustTableFormat(tableDefinition0);
assertEquals(3, TextHelpAppendable.DEFAULT_INDENT);
assertEquals(1, TextHelpAppendable.DEFAULT_LEFT_PAD);
assertEquals(7, TextHelpAppendable.DEFAULT_LIST_INDENT);
assertEquals(74, TextHelpAppendable.DEFAULT_WIDTH);
assertNotNull(tableDefinition1);
assertTrue(arrayDeque0.isEmpty());
assertEquals(0, arrayDeque0.size());
assertEquals(Integer.MAX_VALUE, textHelpAppendable0.getMaxWidth());
assertEquals(1, textHelpAppendable0.getLeftPad());
assertEquals(351608024, textHelpAppendable0.getIndent());
assertEquals(0, linkedList0.size());
assertFalse(textHelpAppendable0.equals((Object)textHelpAppendable1));
assertFalse(tableDefinition1.equals((Object)tableDefinition0));
assertNotSame(textHelpAppendable0, textHelpAppendable1);
assertNotSame(tableDefinition0, tableDefinition1);
assertNotSame(tableDefinition1, tableDefinition0);

TableDefinition tableDefinition2 = textHelpAppendable1.adjustTableFormat(tableDefinition1);
assertEquals(3, TextHelpAppendable.DEFAULT_INDENT);
assertEquals(1, TextHelpAppendable.DEFAULT_LEFT_PAD);
assertEquals(7, TextHelpAppendable.DEFAULT_LIST_INDENT);
assertEquals(74, TextHelpAppendable.DEFAULT_WIDTH);
assertEquals(74, TextHelpAppendable.DEFAULT_WIDTH);
assertEquals(3, TextHelpAppendable.DEFAULT_INDENT);
assertEquals(1, TextHelpAppendable.DEFAULT_LEFT_PAD);
assertEquals(7, TextHelpAppendable.DEFAULT_LIST_INDENT);
assertNotNull(tableDefinition2);
assertTrue(arrayDeque0.isEmpty());
assertEquals(0, arrayDeque0.size());
assertEquals(Integer.MAX_VALUE, textHelpAppendable0.getMaxWidth());
assertEquals(1, textHelpAppendable0.getLeftPad());
assertEquals(351608024, textHelpAppendable0.getIndent());
assertEquals(0, linkedList0.size());
assertEquals(1, textHelpAppendable1.getLeftPad());
assertEquals(3, textHelpAppendable1.getIndent());
assertEquals(74, textHelpAppendable1.getMaxWidth());
assertFalse(textHelpAppendable0.equals((Object)textHelpAppendable1));
assertFalse(tableDefinition0.equals((Object)tableDefinition1));
assertFalse(tableDefinition1.equals((Object)tableDefinition0));
assertFalse(tableDefinition2.equals((Object)tableDefinition0));
assertFalse(tableDefinition2.equals((Object)tableDefinition1));
assertFalse(textHelpAppendable1.equals((Object)textHelpAppendable0));
assertNotSame(textHelpAppendable0, textHelpAppendable1);
assertNotSame(tableDefinition0, tableDefinition1);
assertNotSame(tableDefinition0, tableDefinition2);
assertNotSame(tableDefinition1, tableDefinition2);
assertNotSame(tableDefinition1, tableDefinition0);
assertNotSame(tableDefinition2, tableDefinition0);
assertNotSame(tableDefinition2, tableDefinition1);
assertNotSame(textHelpAppendable1, textHelpAppendable0);

textHelpAppendable1.appendHeader(3, "");
assertEquals(74, TextHelpAppendable.DEFAULT_WIDTH);
assertEquals(3, TextHelpAppendable.DEFAULT_INDENT);
assertEquals(1, TextHelpAppendable.DEFAULT_LEFT_PAD);
assertEquals(7, TextHelpAppendable.DEFAULT_LIST_INDENT);
assertEquals(1, textHelpAppendable1.getLeftPad());
assertEquals(3, textHelpAppendable1.getIndent());
assertEquals(74, textHelpAppendable1.getMaxWidth());
assertFalse(textHelpAppendable1.equals((Object)textHelpAppendable0));
assertNotSame(textHelpAppendable1, textHelpAppendable0);

textHelpAppendable1.appendHeader(0, "");
assertEquals(74, TextHelpAppendable.DEFAULT_WIDTH);
assertEquals(3, TextHelpAppendable.DEFAULT_INDENT);
assertEquals(1, TextHelpAppendable.DEFAULT_LEFT_PAD);
assertEquals(7, TextHelpAppendable.DEFAULT_LIST_INDENT);
assertEquals(1, textHelpAppendable1.getLeftPad());
assertEquals(3, textHelpAppendable1.getIndent());
assertEquals(74, textHelpAppendable1.getMaxWidth());
assertFalse(textHelpAppendable1.equals((Object)textHelpAppendable0));
assertNotSame(textHelpAppendable1, textHelpAppendable0);

textHelpAppendable1.printWrapped("TextStyle{LEFT, l:0, i:0, true, min:0, max:unset}", textStyle1);

[MASTER] 17:05:38.507 [pool-2-thread-1] WARN  JUnitAnalyzer - Found unstable test named test0 -> class java.lang.OutOfMemoryError: Requested array size exceeds VM limit
[MASTER] 17:05:38.513 [pool-2-thread-1] WARN  JUnitAnalyzer - Failing test:
 TextHelpAppendable textHelpAppendable0 = TextHelpAppendable.systemOut();
assertEquals(7, TextHelpAppendable.DEFAULT_LIST_INDENT);
assertEquals(3, TextHelpAppendable.DEFAULT_INDENT);
assertEquals(1, TextHelpAppendable.DEFAULT_LEFT_PAD);
assertEquals(74, TextHelpAppendable.DEFAULT_WIDTH);
assertNotNull(textHelpAppendable0);
assertEquals(1, textHelpAppendable0.getLeftPad());
assertEquals(74, textHelpAppendable0.getMaxWidth());
assertEquals(3, textHelpAppendable0.getIndent());

StringWriter stringWriter0 = new StringWriter();
assertNotNull(stringWriter0);
assertEquals("", stringWriter0.toString());

StringWriter stringWriter1 = stringWriter0.append('3');
assertNotNull(stringWriter1);
assertEquals("3", stringWriter0.toString());
assertEquals("3", stringWriter1.toString());
assertSame(stringWriter0, stringWriter1);
assertSame(stringWriter1, stringWriter0);

StringWriter stringWriter2 = stringWriter1.append('3');
assertNotNull(stringWriter2);
assertEquals("33", stringWriter0.toString());
assertEquals("33", stringWriter1.toString());
assertEquals("33", stringWriter2.toString());
assertSame(stringWriter0, stringWriter1);
assertSame(stringWriter0, stringWriter2);
assertSame(stringWriter1, stringWriter2);
assertSame(stringWriter1, stringWriter0);
assertSame(stringWriter2, stringWriter0);
assertSame(stringWriter2, stringWriter1);

stringWriter1.flush();
assertEquals("33", stringWriter0.toString());
assertEquals("33", stringWriter1.toString());
assertSame(stringWriter0, stringWriter1);
assertSame(stringWriter0, stringWriter2);
assertSame(stringWriter1, stringWriter2);
assertSame(stringWriter1, stringWriter0);

stringWriter0.close();
assertEquals("33", stringWriter0.toString());
assertSame(stringWriter0, stringWriter1);
assertSame(stringWriter0, stringWriter2);

StringWriter stringWriter3 = stringWriter1.append((CharSequence) null);
assertNotNull(stringWriter3);
assertEquals("33null", stringWriter0.toString());
assertEquals("33null", stringWriter1.toString());
assertEquals("33null", stringWriter3.toString());
assertSame(stringWriter0, stringWriter3);
assertSame(stringWriter0, stringWriter1);
assertSame(stringWriter0, stringWriter2);
assertSame(stringWriter1, stringWriter3);
assertSame(stringWriter1, stringWriter2);
assertSame(stringWriter1, stringWriter0);
assertSame(stringWriter3, stringWriter0);
assertSame(stringWriter3, stringWriter1);
assertSame(stringWriter3, stringWriter2);

StringBuffer stringBuffer0 = stringWriter3.getBuffer();
assertNotNull(stringBuffer0);
assertEquals("33null", stringWriter0.toString());
assertEquals("33null", stringWriter1.toString());
assertEquals("33null", stringWriter3.toString());
assertEquals("33null", stringBuffer0.toString());
assertEquals(6, stringBuffer0.length());
assertSame(stringWriter0, stringWriter3);
assertSame(stringWriter0, stringWriter1);
assertSame(stringWriter0, stringWriter2);
assertSame(stringWriter1, stringWriter3);
assertSame(stringWriter1, stringWriter2);
assertSame(stringWriter1, stringWriter0);
assertSame(stringWriter3, stringWriter0);
assertSame(stringWriter3, stringWriter1);
assertSame(stringWriter3, stringWriter2);

textHelpAppendable0.appendHeader(1599, stringBuffer0);
assertEquals(7, TextHelpAppendable.DEFAULT_LIST_INDENT);
assertEquals(3, TextHelpAppendable.DEFAULT_INDENT);
assertEquals(1, TextHelpAppendable.DEFAULT_LEFT_PAD);
assertEquals(74, TextHelpAppendable.DEFAULT_WIDTH);
assertEquals(1, textHelpAppendable0.getLeftPad());
assertEquals(74, textHelpAppendable0.getMaxWidth());
assertEquals(3, textHelpAppendable0.getIndent());
assertEquals("33null", stringWriter0.toString());
assertEquals("33null", stringWriter1.toString());
assertEquals("33null", stringWriter3.toString());
assertEquals("33null", stringBuffer0.toString());
assertEquals(6, stringBuffer0.length());
assertSame(stringWriter0, stringWriter3);
assertSame(stringWriter0, stringWriter1);
assertSame(stringWriter0, stringWriter2);
assertSame(stringWriter1, stringWriter3);
assertSame(stringWriter1, stringWriter2);
assertSame(stringWriter1, stringWriter0);
assertSame(stringWriter3, stringWriter0);
assertSame(stringWriter3, stringWriter1);
assertSame(stringWriter3, stringWriter2);

String string0 = "v";
TextStyle textStyle0 = TextStyle.DEFAULT;
assertEquals(Integer.MAX_VALUE, TextStyle.UNSET_MAX_WIDTH);
assertNotNull(textStyle0);
assertEquals(0, textStyle0.getIndent());
assertEquals(TextStyle.Alignment.LEFT, textStyle0.getAlignment());
assertEquals(0, textStyle0.getMinWidth());
assertEquals(0, textStyle0.getLeftPad());
assertEquals(Integer.MAX_VALUE, textStyle0.getMaxWidth());
assertTrue(textStyle0.isScalable());

TextStyle.Builder textStyle_Builder0 = TextStyle.builder();
assertNotNull(textStyle_Builder0);
assertEquals(Integer.MAX_VALUE, textStyle_Builder0.getMaxWidth());
assertEquals(0, textStyle_Builder0.getLeftPad());
assertTrue(textStyle_Builder0.isScalable());
assertEquals(0, textStyle_Builder0.getIndent());
assertEquals(0, textStyle_Builder0.getMinWidth());

textHelpAppendable0.setLeftPad(Integer.MAX_VALUE);
assertEquals(7, TextHelpAppendable.DEFAULT_LIST_INDENT);
assertEquals(3, TextHelpAppendable.DEFAULT_INDENT);
assertEquals(1, TextHelpAppendable.DEFAULT_LEFT_PAD);
assertEquals(74, TextHelpAppendable.DEFAULT_WIDTH);
assertEquals(Integer.MAX_VALUE, textHelpAppendable0.getLeftPad());
assertEquals(74, textHelpAppendable0.getMaxWidth());
assertEquals(3, textHelpAppendable0.getIndent());

textHelpAppendable0.printWrapped("v", textStyle0);
assertEquals(7, TextHelpAppendable.DEFAULT_LIST_INDENT);
assertEquals(3, TextHelpAppendable.DEFAULT_INDENT);
assertEquals(1, TextHelpAppendable.DEFAULT_LEFT_PAD);
assertEquals(74, TextHelpAppendable.DEFAULT_WIDTH);
assertEquals(Integer.MAX_VALUE, TextStyle.UNSET_MAX_WIDTH);
assertEquals(Integer.MAX_VALUE, textHelpAppendable0.getLeftPad());
assertEquals(74, textHelpAppendable0.getMaxWidth());
assertEquals(3, textHelpAppendable0.getIndent());
assertEquals(0, textStyle0.getIndent());
assertEquals(TextStyle.Alignment.LEFT, textStyle0.getAlignment());
assertEquals(0, textStyle0.getMinWidth());
assertEquals(0, textStyle0.getLeftPad());
assertEquals(Integer.MAX_VALUE, textStyle0.getMaxWidth());
assertTrue(textStyle0.isScalable());

String string1 = "";
textHelpAppendable0.printWrapped("");

[MASTER] 17:05:39.928 [pool-2-thread-1] WARN  JUnitAnalyzer - Found unstable test named test0 -> class java.lang.OutOfMemoryError: Requested array size exceeds VM limit
[MASTER] 17:05:39.930 [pool-2-thread-1] WARN  JUnitAnalyzer - Failing test:
 TextHelpAppendable textHelpAppendable0 = TextHelpAppendable.systemOut();
assertEquals(74, TextHelpAppendable.DEFAULT_WIDTH);
assertEquals(7, TextHelpAppendable.DEFAULT_LIST_INDENT);
assertEquals(3, TextHelpAppendable.DEFAULT_INDENT);
assertEquals(1, TextHelpAppendable.DEFAULT_LEFT_PAD);
assertNotNull(textHelpAppendable0);
assertEquals(74, textHelpAppendable0.getMaxWidth());
assertEquals(3, textHelpAppendable0.getIndent());
assertEquals(1, textHelpAppendable0.getLeftPad());

boolean boolean0 = true;
Stack<CharSequence> stack0 = new Stack<CharSequence>();
assertNotNull(stack0);
assertEquals(10, stack0.capacity());
assertTrue(stack0.empty());
assertTrue(stack0.isEmpty());
assertEquals("[]", stack0.toString());
assertEquals(0, stack0.size());

ArrayList<Queue<String>> arrayList0 = new ArrayList<Queue<String>>();
assertNotNull(arrayList0);
assertEquals(0, arrayList0.size());
assertTrue(arrayList0.isEmpty());

Stack<TextStyle> stack1 = new Stack<TextStyle>();
assertNotNull(stack1);
assertTrue(stack1.isEmpty());
assertEquals("[]", stack1.toString());
assertEquals(10, stack1.capacity());
assertEquals(0, stack1.size());
assertTrue(stack1.empty());

TextStyle textStyle0 = TextStyle.DEFAULT;
assertEquals(Integer.MAX_VALUE, TextStyle.UNSET_MAX_WIDTH);
assertNotNull(textStyle0);
assertEquals(TextStyle.Alignment.LEFT, textStyle0.getAlignment());
assertEquals(Integer.MAX_VALUE, textStyle0.getMaxWidth());
assertEquals(0, textStyle0.getMinWidth());
assertEquals(0, textStyle0.getIndent());
assertTrue(textStyle0.isScalable());
assertEquals(0, textStyle0.getLeftPad());

PriorityQueue<String> priorityQueue0 = new PriorityQueue<String>(3);
assertNotNull(priorityQueue0);
assertEquals(0, priorityQueue0.size());

boolean boolean1 = arrayList0.add((Queue<String>) priorityQueue0);
assertEquals(1, arrayList0.size());
assertFalse(arrayList0.isEmpty());
assertEquals(0, priorityQueue0.size());
assertTrue(boolean1 == boolean0);
assertTrue(boolean1);

char[] charArray0 = new char[20];
charArray0[0] = 'Y';
charArray0[1] = ']';
charArray0[2] = 'Y';
charArray0[3] = 'R';
charArray0[4] = ',';
CharBuffer charBuffer0 = CharBuffer.wrap(charArray0);
assertEquals(20, charArray0.length);
assertNotNull(charBuffer0);
assertEquals(20, charBuffer0.remaining());
assertEquals(20, charBuffer0.capacity());
assertEquals(0, charBuffer0.arrayOffset());
assertTrue(charBuffer0.hasRemaining());
assertEquals("Y]YR,\u0000\u0000\u0000\u0000\u0000\u0000\u0000\u0000\u0000\u0000\u0000\u0000\u0000\u0000\u0000", charBuffer0.toString());
assertFalse(charBuffer0.isReadOnly());
assertEquals(0, charBuffer0.position());
assertFalse(charBuffer0.isDirect());
assertEquals(20, charBuffer0.length());
assertEquals(20, charBuffer0.limit());
assertTrue(charBuffer0.hasArray());

CharBuffer charBuffer1 = CharBuffer.wrap((CharSequence) charBuffer0);
assertEquals(20, charArray0.length);
assertNotNull(charBuffer1);
assertEquals(20, charBuffer0.remaining());
assertEquals(20, charBuffer0.capacity());
assertEquals(0, charBuffer0.arrayOffset());
assertTrue(charBuffer0.hasRemaining());
assertEquals("Y]YR,\u0000\u0000\u0000\u0000\u0000\u0000\u0000\u0000\u0000\u0000\u0000\u0000\u0000\u0000\u0000", charBuffer0.toString());
assertFalse(charBuffer0.isReadOnly());
assertEquals(0, charBuffer0.position());
assertFalse(charBuffer0.isDirect());
assertEquals(20, charBuffer0.length());
assertEquals(20, charBuffer0.limit());
assertTrue(charBuffer0.hasArray());
assertEquals(20, charBuffer1.length());
assertEquals(20, charBuffer1.capacity());
assertEquals("Y]YR,\u0000\u0000\u0000\u0000\u0000\u0000\u0000\u0000\u0000\u0000\u0000\u0000\u0000\u0000\u0000", charBuffer1.toString());
assertEquals(20, charBuffer1.remaining());
assertTrue(charBuffer1.hasRemaining());
assertEquals(20, charBuffer1.limit());
assertTrue(charBuffer1.isReadOnly());
assertFalse(charBuffer1.hasArray());
assertEquals(0, charBuffer1.position());
assertFalse(charBuffer1.isDirect());
assertTrue(charBuffer1.equals((Object)charBuffer0));

CharSequence charSequence0 = textStyle0.pad(true, charBuffer1);
assertEquals(20, charArray0.length);
assertEquals(Integer.MAX_VALUE, TextStyle.UNSET_MAX_WIDTH);
assertNotNull(charSequence0);
assertEquals(TextStyle.Alignment.LEFT, textStyle0.getAlignment());
assertEquals(Integer.MAX_VALUE, textStyle0.getMaxWidth());
assertEquals(0, textStyle0.getMinWidth());
assertEquals(0, textStyle0.getIndent());
assertTrue(textStyle0.isScalable());
assertEquals(0, textStyle0.getLeftPad());
assertEquals(20, charBuffer0.remaining());
assertEquals(20, charBuffer0.capacity());
assertEquals(0, charBuffer0.arrayOffset());
assertTrue(charBuffer0.hasRemaining());
assertEquals("Y]YR,\u0000\u0000\u0000\u0000\u0000\u0000\u0000\u0000\u0000\u0000\u0000\u0000\u0000\u0000\u0000", charBuffer0.toString());
assertFalse(charBuffer0.isReadOnly());
assertEquals(0, charBuffer0.position());
assertFalse(charBuffer0.isDirect());
assertEquals(20, charBuffer0.length());
assertEquals(20, charBuffer0.limit());
assertTrue(charBuffer0.hasArray());
assertEquals(20, charBuffer1.length());
assertEquals(20, charBuffer1.capacity());
assertEquals("Y]YR,\u0000\u0000\u0000\u0000\u0000\u0000\u0000\u0000\u0000\u0000\u0000\u0000\u0000\u0000\u0000", charBuffer1.toString());
assertEquals(20, charBuffer1.remaining());
assertTrue(charBuffer1.hasRemaining());
assertEquals(20, charBuffer1.limit());
assertTrue(charBuffer1.isReadOnly());
assertFalse(charBuffer1.hasArray());
assertEquals(0, charBuffer1.position());
assertFalse(charBuffer1.isDirect());
assertTrue(charBuffer0.equals((Object)charBuffer1));
assertTrue(charBuffer1.equals((Object)charBuffer0));
assertEquals("Y]YR,\u0000\u0000\u0000\u0000\u0000\u0000\u0000\u0000\u0000\u0000\u0000\u0000\u0000\u0000\u0000", charSequence0);

boolean boolean2 = stack1.add(textStyle0);
assertEquals(Integer.MAX_VALUE, TextStyle.UNSET_MAX_WIDTH);
assertEquals(10, stack1.capacity());
assertEquals(1, stack1.size());
assertFalse(stack1.isEmpty());
assertFalse(stack1.empty());
assertEquals("[TextStyle{LEFT, l:0, i:0, true, min:0, max:unset}]", stack1.toString());
assertEquals(TextStyle.Alignment.LEFT, textStyle0.getAlignment());
assertEquals(Integer.MAX_VALUE, textStyle0.getMaxWidth());
assertEquals(0, textStyle0.getMinWidth());
assertEquals(0, textStyle0.getIndent());
assertTrue(textStyle0.isScalable());
assertEquals(0, textStyle0.getLeftPad());
assertTrue(boolean2 == boolean1);
assertTrue(boolean2 == boolean0);
assertTrue(boolean2);
assertTrue(stack1.contains(textStyle0));

textHelpAppendable0.writeColumnQueues(arrayList0, stack1);

[MASTER] 17:05:40.482 [pool-2-thread-1] WARN  JUnitAnalyzer - Found unstable test named test0 -> class java.lang.OutOfMemoryError: Requested array size exceeds VM limit
[MASTER] 17:05:40.482 [pool-2-thread-1] WARN  JUnitAnalyzer - Failing test:
 TextHelpAppendable textHelpAppendable0 = TextHelpAppendable.systemOut();
assertEquals(3, TextHelpAppendable.DEFAULT_INDENT);
assertEquals(1, TextHelpAppendable.DEFAULT_LEFT_PAD);
assertEquals(7, TextHelpAppendable.DEFAULT_LIST_INDENT);
assertEquals(74, TextHelpAppendable.DEFAULT_WIDTH);
assertNotNull(textHelpAppendable0);
assertEquals(3, textHelpAppendable0.getIndent());
assertEquals(1, textHelpAppendable0.getLeftPad());
assertEquals(74, textHelpAppendable0.getMaxWidth());

String string0 = "*FRQB^8";
TextStyle textStyle0 = TextStyle.DEFAULT;
assertEquals(Integer.MAX_VALUE, TextStyle.UNSET_MAX_WIDTH);
assertNotNull(textStyle0);
assertEquals(0, textStyle0.getIndent());
assertTrue(textStyle0.isScalable());
assertEquals(0, textStyle0.getMinWidth());
assertEquals(Integer.MAX_VALUE, textStyle0.getMaxWidth());
assertEquals(TextStyle.Alignment.LEFT, textStyle0.getAlignment());
assertEquals(0, textStyle0.getLeftPad());

String string1 = textStyle0.toString();
assertEquals(Integer.MAX_VALUE, TextStyle.UNSET_MAX_WIDTH);
assertNotNull(string1);
assertEquals(0, textStyle0.getIndent());
assertTrue(textStyle0.isScalable());
assertEquals(0, textStyle0.getMinWidth());
assertEquals(Integer.MAX_VALUE, textStyle0.getMaxWidth());
assertEquals(TextStyle.Alignment.LEFT, textStyle0.getAlignment());
assertEquals(0, textStyle0.getLeftPad());
assertFalse(string1.equals((Object)string0));
assertEquals("TextStyle{LEFT, l:0, i:0, true, min:0, max:unset}", string1);

boolean boolean0 = true;
CharSequence charSequence0 = textStyle0.pad(true, "TextStyle{LEFT, l:0, i:0, true, min:0, max:unset}");
assertEquals(Integer.MAX_VALUE, TextStyle.UNSET_MAX_WIDTH);
assertNotNull(charSequence0);
assertEquals(0, textStyle0.getIndent());
assertTrue(textStyle0.isScalable());
assertEquals(0, textStyle0.getMinWidth());
assertEquals(Integer.MAX_VALUE, textStyle0.getMaxWidth());
assertEquals(TextStyle.Alignment.LEFT, textStyle0.getAlignment());
assertEquals(0, textStyle0.getLeftPad());
assertFalse(charSequence0.equals((Object)string0));
assertTrue(charSequence0.equals((Object)string1));
assertEquals("TextStyle{LEFT, l:0, i:0, true, min:0, max:unset}", charSequence0);

String string2 = textStyle0.toString();
assertEquals(Integer.MAX_VALUE, TextStyle.UNSET_MAX_WIDTH);
assertNotNull(string2);
assertEquals(0, textStyle0.getIndent());
assertTrue(textStyle0.isScalable());
assertEquals(0, textStyle0.getMinWidth());
assertEquals(Integer.MAX_VALUE, textStyle0.getMaxWidth());
assertEquals(TextStyle.Alignment.LEFT, textStyle0.getAlignment());
assertEquals(0, textStyle0.getLeftPad());
assertFalse(string2.equals((Object)string0));
assertTrue(string2.equals((Object)charSequence0));
assertTrue(string2.equals((Object)string1));
assertEquals("TextStyle{LEFT, l:0, i:0, true, min:0, max:unset}", string2);

TextStyle.Builder textStyle_Builder0 = TextStyle.builder();
assertNotNull(textStyle_Builder0);
assertEquals(0, textStyle_Builder0.getMinWidth());
assertEquals(0, textStyle_Builder0.getLeftPad());
assertTrue(textStyle_Builder0.isScalable());
assertEquals(0, textStyle_Builder0.getIndent());
assertEquals(Integer.MAX_VALUE, textStyle_Builder0.getMaxWidth());

TextStyle.Builder textStyle_Builder1 = TextStyle.builder();
assertNotNull(textStyle_Builder1);
assertTrue(textStyle_Builder1.isScalable());
assertEquals(Integer.MAX_VALUE, textStyle_Builder1.getMaxWidth());
assertEquals(0, textStyle_Builder1.getIndent());
assertEquals(0, textStyle_Builder1.getMinWidth());
assertEquals(0, textStyle_Builder1.getLeftPad());
assertFalse(textStyle_Builder1.equals((Object)textStyle_Builder0));
assertNotSame(textStyle_Builder1, textStyle_Builder0);

textHelpAppendable0.printWrapped("*FRQB^8", textStyle0);
assertEquals(3, TextHelpAppendable.DEFAULT_INDENT);
assertEquals(1, TextHelpAppendable.DEFAULT_LEFT_PAD);
assertEquals(7, TextHelpAppendable.DEFAULT_LIST_INDENT);
assertEquals(74, TextHelpAppendable.DEFAULT_WIDTH);
assertEquals(Integer.MAX_VALUE, TextStyle.UNSET_MAX_WIDTH);
assertEquals(3, textHelpAppendable0.getIndent());
assertEquals(1, textHelpAppendable0.getLeftPad());
assertEquals(74, textHelpAppendable0.getMaxWidth());
assertEquals(0, textStyle0.getIndent());
assertTrue(textStyle0.isScalable());
assertEquals(0, textStyle0.getMinWidth());
assertEquals(Integer.MAX_VALUE, textStyle0.getMaxWidth());
assertEquals(TextStyle.Alignment.LEFT, textStyle0.getAlignment());
assertEquals(0, textStyle0.getLeftPad());

String string3 = "q4T#9O41pJi-L,fHh|B";
textHelpAppendable0.printWrapped("q4T#9O41pJi-L,fHh|B");
assertEquals(3, TextHelpAppendable.DEFAULT_INDENT);
assertEquals(1, TextHelpAppendable.DEFAULT_LEFT_PAD);
assertEquals(7, TextHelpAppendable.DEFAULT_LIST_INDENT);
assertEquals(74, TextHelpAppendable.DEFAULT_WIDTH);
assertEquals(3, textHelpAppendable0.getIndent());
assertEquals(1, textHelpAppendable0.getLeftPad());
assertEquals(74, textHelpAppendable0.getMaxWidth());

textHelpAppendable0.setLeftPad(Integer.MAX_VALUE);
assertEquals(3, TextHelpAppendable.DEFAULT_INDENT);
assertEquals(1, TextHelpAppendable.DEFAULT_LEFT_PAD);
assertEquals(7, TextHelpAppendable.DEFAULT_LIST_INDENT);
assertEquals(74, TextHelpAppendable.DEFAULT_WIDTH);
assertEquals(3, textHelpAppendable0.getIndent());
assertEquals(Integer.MAX_VALUE, textHelpAppendable0.getLeftPad());
assertEquals(74, textHelpAppendable0.getMaxWidth());

textHelpAppendable0.appendTitle("q4T#9O41pJi-L,fHh|B");

* Permissions denied during test execution: 
  - java.lang.RuntimePermission: 
         writeFileDescriptor: 4
* Writing JUnit test case 'TextHelpAppendable_ESTest' to /home/dannym/projects/yorkstuff/java/eecs-4313-assignment-2-commons-cli/.evosuite/tmp_2025_11_14_16_52_38/tests
* Done!

